[2024-05-20 10:46:03] [INFO   ] Действия меню выбранны 
[2024-05-20 10:57:57] [INFO   ] Действия меню выбранны 
[2024-05-20 10:58:03] [INFO   ] Захаронен обычный житель 
[2024-05-20 10:58:03] [INFO   ] Действия меню выбранны 
[2024-05-20 10:58:04] [INFO   ] Захаронен обычный житель 
[2024-05-20 10:58:04] [INFO   ] Действия меню выбранны 
[2024-05-20 10:58:05] [INFO   ] Захоронен крестьянин 
[2024-05-20 10:58:05] [INFO   ] Действия меню выбранны 
[2024-05-20 10:58:09] [INFO   ] Подарок обычному жителю принесен 
[2024-05-20 10:58:09] [INFO   ] Действия меню выбранны 
[2024-05-20 10:58:17] [INFO   ] Могила удалена, операция выполнена успешно 
[2024-05-20 10:58:17] [INFO   ] Действия меню выбранны 
[2024-05-20 10:58:20] [INFO   ] Информация захроненного усппено обновлена 
[2024-05-20 10:58:20] [INFO   ] Действия меню выбранны 
[2024-05-20 10:58:29] [INFO   ] Сумма похорон подсчитанна верно 
[2024-05-20 10:58:29] [INFO   ] Действия меню выбранны 
[2024-05-20 10:58:36] [INFO   ] Действия меню выбранны 
[2024-05-21 00:12:48] [INFO   ] Действия меню выбранны 
[2024-05-21 00:13:02] [INFO   ] Захаронен обычный житель 
[2024-05-21 00:13:02] [INFO   ] Действия меню выбранны 
[2024-05-21 00:13:03] [INFO   ] Захаронен обычный житель 
[2024-05-21 00:13:03] [INFO   ] Действия меню выбранны 
[2024-05-21 00:13:04] [INFO   ] Действия меню выбранны 
[2024-05-21 00:13:08] [INFO   ] Могила удалена, операция выполнена успешно 
[2024-05-21 00:13:08] [INFO   ] Действия меню выбранны 
[2024-05-21 00:13:12] [INFO   ] Сумма похорон подсчитанна верно 
[2024-05-21 00:13:12] [INFO   ] Действия меню выбранны 
[2024-05-21 00:13:16] [WARNING] ВЫ НЕ ПРАВИЛЬНЫЙ СДЕЛАЛИ ВЫБОР, СДЕЛАЙТЕ ПРАВИЛЬНЫЙ ВЫБОР 
[2024-05-21 00:13:16] [INFO   ] Действия меню выбранны 
